<?xml version="1.0" encoding="UTF-8"?>
<!-- Generated by org.testng.reporters.JUnitReportReporter -->
<testsuite hostname="LIN24006463" failures="0" tests="3" name="packtflow2.TestCase2" time="169.279" errors="0" timestamp="2023-11-04T23:09:10 IST" skipped="0">
  <testcase classname="packtflow2.TestCase2" name="TestCase001" time="17.700"/>
  <system-out/>
  <testcase classname="packtflow2.TestCase2" name="TestCase002" time="17.666"/>
  <system-out/>
  <testcase classname="packtflow2.TestCase2" name="TestCase003" time="133.913"/>
  <system-out/>
</testsuite> <!-- packtflow2.TestCase2 -->
