<?xml version="1.0" encoding="UTF-8"?>
<!-- Generated by org.testng.reporters.JUnitReportReporter -->
<testsuite hostname="LIN24006463" failures="0" tests="1" name="packtflow4.TestCase4" time="114.524" errors="0" timestamp="2023-11-06T17:50:12 IST" skipped="0">
  <testcase classname="packtflow4.TestCase4" name="TestCase001" time="114.524"/>
  <system-out/>
</testsuite> <!-- packtflow4.TestCase4 -->
