<?xml version="1.0" encoding="UTF-8"?>
<!-- Generated by org.testng.reporters.JUnitReportReporter -->
<testsuite hostname="LIN24006463" failures="0" tests="1" name="packttestflow.TestCase1" time="15.501" errors="0" timestamp="2023-11-07T12:43:39 IST" skipped="0">
  <testcase classname="packttestflow.TestCase1" name="TestCase001" time="15.501"/>
  <system-out/>
</testsuite> <!-- packttestflow.TestCase1 -->
